<?xml version="1.0" encoding="UTF-8"?>
<!-- Generated by org.testng.reporters.JUnitXMLReporter -->
<testsuite ignored="3" hostname="DESKTOP-5DP6JD6" failures="0" tests="2" name="Test" time="62.89" errors="0" timestamp="2024-05-15T13:21:28 IST">
  <testcase classname="TestngExecution.swiggy" name="swiggylaunch" time="38.206"/>
  <testcase classname="TestngExecution.Zomato" name="Zomatolaunch" time="24.471"/>
  <testcase classname="TestngExecution.blinkit" name="blinkitlaunch" time="0.0">
    <ignored/>
  </testcase> <!-- blinkitlaunch -->
  <testcase classname="TestngExecution.Foodpanda" name="Foodpandalaunch" time="0.0">
    <ignored/>
  </testcase> <!-- Foodpandalaunch -->
  <testcase classname="TestngExecution.Kfc" name="klaunch" time="0.0">
    <ignored/>
  </testcase> <!-- klaunch -->
</testsuite> <!-- Test -->
